Time resolution is 1 ps
----------------------
-- Simulation Start --
----------------------
  __________________________________________________________
  == String 1  "abcdijk lmnop q rstuv"
  -- Pattern 1  "1234"
       cycle 3c, expect(0,--) , get(0,--) >> Pass
  -- Pattern 2  "abcd"
       cycle 45, expect(1,00) , get(1,00) >> Pass
  -- Pattern 3  "dijk"
       cycle 51, expect(1,03) , get(1,03) >> Pass
  -- Pattern 4  "pqrst"
       cycle 75, expect(0,--) , get(0,--) >> Pass
  -- Pattern 5  "pqr.t"
       cycle 99, expect(0,--) , get(0,--) >> Pass
  -- Pattern 6  "c...k"
       cycle a6, expect(1,02) , get(1,02) >> Pass
  -- Pattern 7  "^lmno"
       cycle c0, expect(1,08) , get(1,08) >> Pass
  -- Pattern 8  "rstuv$"
       cycle de, expect(1,10) , get(1,10) >> Pass
  -- Pattern 9  "^rmn"
       cycle 11c, expect(0,--) , get(0,--) >> Pass
  -- Pattern a  "ijk l$"
       cycle 145, expect(0,--) , get(0,--) >> Pass
  -- Pattern b  "v"
       cycle 15c, expect(1,14) , get(1,14) >> Pass
  -- Pattern c  "lmnoprst"
       cycle 184, expect(0,--) , get(0,--) >> Pass
  -- Pattern d  "^ijk$"
       cycle 1c0, expect(0,--) , get(0,--) >> Pass
  -- Pattern e  "^q$"
       cycle 1e2, expect(1,0e) , get(1,0e) >> Pass
  __________________________________________________________
  == String 2  "2x1=2 2x2=4 2x3=6"
  -- Pattern 1  "^2.2.2"
       cycle 238, expect(0,--) , get(0,--) >> Pass
  -- Pattern 2  "2.2.2"
       cycle 249, expect(1,04) , get(1,04) >> Pass
  -- Pattern 3  "^2.2.4$"
       cycle 266, expect(1,06) , get(1,06) >> Pass
  -- Pattern 4  "."
       cycle 269, expect(1,00) , get(1,00) >> Pass
  -- Pattern 5  "^.."
       cycle 270, expect(1,00) , get(1,00) >> Pass
  -- Pattern 6  "^.$"
       cycle 2b6, expect(0,--) , get(0,--) >> Pass
  -- Pattern 7  "2.$"
       cycle 2e8, expect(0,--) , get(0,--) >> Pass
  -- Pattern 8  "2x4=7"
       cycle 313, expect(0,--) , get(0,--) >> Pass
  -- Pattern 9  "3=6-3"
       cycle 339, expect(0,--) , get(0,--) >> Pass
  -- Pattern a  "1.2=2"
       cycle 35f, expect(0,--) , get(0,--) >> Pass
  -- Pattern b  "2*2=4"
       cycle 378, expect(1,00) , get(1,08) >> Wrong index
  __________________________________________________________
  == String 3  "She sees cheese"
  -- Pattern 1  "ees."
       cycle 396, expect(1,05) , get(1,05) >> Pass
  -- Pattern 2  "ees.$"
       cycle 3b4, expect(1,0b) , get(1,0b) >> Pass
  -- Pattern 3  "e..se"
       cycle 3e9, expect(0,--) , get(0,--) >> Pass
  -- Pattern 4  "e..ee$"
       cycle 422, expect(0,--) , get(0,--) >> Pass
  -- Pattern 5  "^ees*"
       cycle 45f, expect(0,--) , get(0,--) >> Pass
  -- Pattern 6  "hee*se"
       cycle 478, expect(1,0a) , get(1,0a) >> Pass
  -- Pattern 7  "he.s"
       cycle 482, expect(1,01) , get(1,01) >> Pass
  -- Pattern 8  "*see$"
       cycle 4b5, expect(0,--) , get(0,--) >> Pass
  -- Pattern 9  "se*ce"
       cycle 4d6, expect(0,--) , get(0,--) >> Pass
  __________________________________________________________
  == String 4  "But she said the butter's bitter"
  -- Pattern 1  "sa*said"
       cycle 532, expect(0,--) , get(0,--) >> Pass
  -- Pattern 2  "b*tter"
       cycle 551, expect(1,11) , get(1,11) >> Pass
  -- Pattern 3  "b*tter$"
       cycle 58c, expect(1,11) , get(0,11) >> Fail
  -- Pattern 4  "ut*r"
       cycle 5a9, expect(1,01) , get(1,01) >> Pass
  -- Pattern 5  "ut*tted"
       cycle 5e8, expect(0,--) , get(0,--) >> Pass
  -- Pattern 6  "^ut*tter"
       cycle 621, expect(0,--) , get(0,--) >> Pass
  -- Pattern 7  "*tered"
       cycle 675, expect(0,--) , get(0,--) >> Pass
  __________________________________________________________
  == String 5  "He threw three free throws"
  -- Pattern 1  "thr*the$"
       cycle 6bf, expect(0,--) , get(0,--) >> Pass
  -- Pattern 2  "^thro*th"
       cycle 704, expect(0,--) , get(0,--) >> Pass
  -- Pattern 3  ".ree th"
       cycle 737, expect(1,0f) , get(1,0f) >> Pass
  -- Pattern 4  ".ree  fr"
       cycle 77d, expect(0,--) , get(0,--) >> Pass
  -- Pattern 5  ".ree *re"
       cycle 7a5, expect(1,0a) , get(1,0a) >> Pass
  -- Pattern 6  "re. thr"
       cyc